This file contains any messages produced by compilers while
running configure, to aid debugging if configure makes a mistake.

It was created by HTSlib configure 1.4.1, which was
generated by GNU Autoconf 2.68.  Invocation command line was

  $ ./configure 

## --------- ##
## Platform. ##
## --------- ##

hostname = sf2-farm-srv1
uname -m = x86_64
uname -r = 3.2.0-75-generic
uname -s = Linux
uname -v = #110-Ubuntu SMP Tue Dec 16 19:11:55 UTC 2014

/usr/bin/uname -p = unknown
/bin/uname -X     = unknown

/bin/arch              = unknown
/usr/bin/arch -k       = unknown
/usr/convex/getsysinfo = unknown
/usr/bin/hostinfo      = unknown
/bin/machine           = unknown
/usr/bin/oslevel       = unknown
/bin/universe          = unknown

PATH: ./
PATH: /nfs/users/nfs_j/js10/bin
PATH: /software/perl-5.16.3/bin
PATH: /software/varinf/bin
PATH: /software/bin
PATH: /software/npg/20161218/bin
PATH: //usr/local/lsf/9.1/linux2.6-glibc2.3-x86_64/etc
PATH: /usr/local/lsf/9.1/linux2.6-glibc2.3-x86_64/bin
PATH: /usr/local/sbin
PATH: /usr/local/bin
PATH: /usr/sbin
PATH: /usr/bin
PATH: /sbin
PATH: /bin
PATH: /usr/games
PATH: /software/bin
PATH: /software/badger/bin
PATH: /software/oracle-ic-11.2
PATH: /software/irods/icommands/bin
PATH: /software/solexa/bin/
PATH: /software/solexa/cpan/bin
PATH: /nfs/users/nfs_j/js10/.nvm/current/bin
PATH: //nfs/users/nfs_j/js10/python/bin


## ----------- ##
## Core tests. ##
## ----------- ##

configure:2146: checking for gcc
configure:2162: found /usr/bin/gcc
configure:2173: result: gcc
configure:2402: checking for C compiler version
configure:2411: gcc --version >&5
gcc (Ubuntu/Linaro 4.6.3-1ubuntu5) 4.6.3
Copyright (C) 2011 Free Software Foundation, Inc.
This is free software; see the source for copying conditions.  There is NO
warranty; not even for MERCHANTABILITY or FITNESS FOR A PARTICULAR PURPOSE.

configure:2422: $? = 0
configure:2411: gcc -v >&5
Using built-in specs.
COLLECT_GCC=gcc
COLLECT_LTO_WRAPPER=/usr/lib/gcc/x86_64-linux-gnu/4.6/lto-wrapper
Target: x86_64-linux-gnu
Configured with: ../src/configure -v --with-pkgversion='Ubuntu/Linaro 4.6.3-1ubuntu5' --with-bugurl=file:///usr/share/doc/gcc-4.6/README.Bugs --enable-languages=c,c++,fortran,objc,obj-c++ --prefix=/usr --program-suffix=-4.6 --enable-shared --enable-linker-build-id --with-system-zlib --libexecdir=/usr/lib --without-included-gettext --enable-threads=posix --with-gxx-include-dir=/usr/include/c++/4.6 --libdir=/usr/lib --enable-nls --with-sysroot=/ --enable-clocale=gnu --enable-libstdcxx-debug --enable-libstdcxx-time=yes --enable-gnu-unique-object --enable-plugin --enable-objc-gc --disable-werror --with-arch-32=i686 --with-tune=generic --enable-checking=release --build=x86_64-linux-gnu --host=x86_64-linux-gnu --target=x86_64-linux-gnu
Thread model: posix
gcc version 4.6.3 (Ubuntu/Linaro 4.6.3-1ubuntu5) 
configure:2422: $? = 0
configure:2411: gcc -V >&5
gcc: error: unrecognized option '-V'
gcc: fatal error: no input files
compilation terminated.
configure:2422: $? = 4
configure:2411: gcc -qversion >&5
gcc: error: unrecognized option '-qversion'
gcc: fatal error: no input files
compilation terminated.
configure:2422: $? = 4
configure:2442: checking whether the C compiler works
configure:2464: gcc    conftest.c  >&5
configure:2468: $? = 0
configure:2516: result: yes
configure:2519: checking for C compiler default output file name
configure:2521: result: a.out
configure:2527: checking for suffix of executables
configure:2534: gcc -o conftest    conftest.c  >&5
configure:2538: $? = 0
configure:2560: result: 
configure:2582: checking whether we are cross compiling
configure:2590: gcc -o conftest    conftest.c  >&5
configure:2594: $? = 0
configure:2601: ./conftest
configure:2605: $? = 0
configure:2620: result: no
configure:2625: checking for suffix of object files
configure:2647: gcc -c   conftest.c >&5
configure:2651: $? = 0
configure:2672: result: o
configure:2676: checking whether we are using the GNU C compiler
configure:2695: gcc -c   conftest.c >&5
configure:2695: $? = 0
configure:2704: result: yes
configure:2713: checking whether gcc accepts -g
configure:2733: gcc -c -g  conftest.c >&5
configure:2733: $? = 0
configure:2774: result: yes
configure:2791: checking for gcc option to accept ISO C89
configure:2855: gcc  -c -g -O2  conftest.c >&5
configure:2855: $? = 0
configure:2868: result: none needed
configure:2931: checking for ranlib
configure:2947: found /usr/bin/ranlib
configure:2958: result: ranlib
configure:3035: checking for pkg-config
configure:3053: found /usr/bin/pkg-config
configure:3065: result: /usr/bin/pkg-config
configure:3090: checking pkg-config is at least version 0.9.0
configure:3093: result: yes
configure:3132: checking for special C compiler options needed for large files
configure:3177: result: no
configure:3183: checking for _FILE_OFFSET_BITS value needed for large files
configure:3208: gcc -c -g -O2  conftest.c >&5
configure:3208: $? = 0
configure:3240: result: no
configure:3384: checking shared library type
configure:3404: result: plain .so
configure:3413: checking how to run the C preprocessor
configure:3444: gcc -E  conftest.c
configure:3444: $? = 0
configure:3458: gcc -E  conftest.c
conftest.c:9:28: fatal error: ac_nonexistent.h: No such file or directory
compilation terminated.
configure:3458: $? = 1
configure: failed program was:
| /* confdefs.h */
| #define PACKAGE_NAME "HTSlib"
| #define PACKAGE_TARNAME "htslib"
| #define PACKAGE_VERSION "1.4.1"
| #define PACKAGE_STRING "HTSlib 1.4.1"
| #define PACKAGE_BUGREPORT "samtools-help@lists.sourceforge.net"
| #define PACKAGE_URL "http://www.htslib.org/"
| /* end confdefs.h.  */
| #include <ac_nonexistent.h>
configure:3483: result: gcc -E
configure:3503: gcc -E  conftest.c
configure:3503: $? = 0
configure:3517: gcc -E  conftest.c
conftest.c:9:28: fatal error: ac_nonexistent.h: No such file or directory
compilation terminated.
configure:3517: $? = 1
configure: failed program was:
| /* confdefs.h */
| #define PACKAGE_NAME "HTSlib"
| #define PACKAGE_TARNAME "htslib"
| #define PACKAGE_VERSION "1.4.1"
| #define PACKAGE_STRING "HTSlib 1.4.1"
| #define PACKAGE_BUGREPORT "samtools-help@lists.sourceforge.net"
| #define PACKAGE_URL "http://www.htslib.org/"
| /* end confdefs.h.  */
| #include <ac_nonexistent.h>
configure:3546: checking for grep that handles long lines and -e
configure:3604: result: /bin/grep
configure:3609: checking for egrep
configure:3671: result: /bin/grep -E
configure:3676: checking for ANSI C header files
configure:3696: gcc -c -g -O2  conftest.c >&5
configure:3696: $? = 0
configure:3769: gcc -o conftest -g -O2   conftest.c  >&5
configure:3769: $? = 0
configure:3769: ./conftest
configure:3769: $? = 0
configure:3780: result: yes
configure:3793: checking for sys/types.h
configure:3793: gcc -c -g -O2  conftest.c >&5
configure:3793: $? = 0
configure:3793: result: yes
configure:3793: checking for sys/stat.h
configure:3793: gcc -c -g -O2  conftest.c >&5
configure:3793: $? = 0
configure:3793: result: yes
configure:3793: checking for stdlib.h
configure:3793: gcc -c -g -O2  conftest.c >&5
configure:3793: $? = 0
configure:3793: result: yes
configure:3793: checking for string.h
configure:3793: gcc -c -g -O2  conftest.c >&5
configure:3793: $? = 0
configure:3793: result: yes
configure:3793: checking for memory.h
configure:3793: gcc -c -g -O2  conftest.c >&5
configure:3793: $? = 0
configure:3793: result: yes
configure:3793: checking for strings.h
configure:3793: gcc -c -g -O2  conftest.c >&5
configure:3793: $? = 0
configure:3793: result: yes
configure:3793: checking for inttypes.h
configure:3793: gcc -c -g -O2  conftest.c >&5
configure:3793: $? = 0
configure:3793: result: yes
configure:3793: checking for stdint.h
configure:3793: gcc -c -g -O2  conftest.c >&5
configure:3793: $? = 0
configure:3793: result: yes
configure:3793: checking for unistd.h
configure:3793: gcc -c -g -O2  conftest.c >&5
configure:3793: $? = 0
configure:3793: result: yes
configure:3811: checking for stdlib.h
configure:3811: result: yes
configure:3811: checking for unistd.h
configure:3811: result: yes
configure:3811: checking for sys/param.h
configure:3811: gcc -c -g -O2  conftest.c >&5
configure:3811: $? = 0
configure:3811: result: yes
configure:3831: checking for getpagesize
configure:3831: gcc -o conftest -g -O2   conftest.c  >&5
configure:3831: $? = 0
configure:3831: result: yes
configure:3840: checking for working mmap
configure:3987: gcc -o conftest -g -O2   conftest.c  >&5
configure:3987: $? = 0
configure:3987: ./conftest
configure:3987: $? = 0
configure:3997: result: yes
configure:4008: checking for gmtime_r
configure:4008: gcc -o conftest -g -O2   conftest.c  >&5
configure:4008: $? = 0
configure:4008: result: yes
configure:4020: checking whether fdatasync is declared
configure:4020: gcc -c -g -O2  conftest.c >&5
configure:4020: $? = 0
configure:4020: result: yes
configure:4024: checking for fdatasync
configure:4024: gcc -o conftest -g -O2   conftest.c  >&5
configure:4024: $? = 0
configure:4024: result: yes
configure:4115: checking for library containing log
configure:4146: gcc -o conftest -g -O2   conftest.c  >&5
conftest.c:33:6: warning: conflicting types for built-in function 'log' [enabled by default]
/tmp/cc5PumaA.o: In function `main':
/nfs/users/nfs_j/js10/tmp/dist/c-maint/samtools-1.4.1/htslib-1.4.1/conftest.c:37: undefined reference to `log'
collect2: ld returned 1 exit status
configure:4146: $? = 1
configure: failed program was:
| /* confdefs.h */
| #define PACKAGE_NAME "HTSlib"
| #define PACKAGE_TARNAME "htslib"
| #define PACKAGE_VERSION "1.4.1"
| #define PACKAGE_STRING "HTSlib 1.4.1"
| #define PACKAGE_BUGREPORT "samtools-help@lists.sourceforge.net"
| #define PACKAGE_URL "http://www.htslib.org/"
| #define STDC_HEADERS 1
| #define HAVE_SYS_TYPES_H 1
| #define HAVE_SYS_STAT_H 1
| #define HAVE_STDLIB_H 1
| #define HAVE_STRING_H 1
| #define HAVE_MEMORY_H 1
| #define HAVE_STRINGS_H 1
| #define HAVE_INTTYPES_H 1
| #define HAVE_STDINT_H 1
| #define HAVE_UNISTD_H 1
| #define HAVE_STDLIB_H 1
| #define HAVE_UNISTD_H 1
| #define HAVE_SYS_PARAM_H 1
| #define HAVE_GETPAGESIZE 1
| #define HAVE_MMAP 1
| #define HAVE_GMTIME_R 1
| #define HAVE_FDATASYNC 1
| /* end confdefs.h.  */
| 
| /* Override any GCC internal prototype to avoid an error.
|    Use char because int might match the return type of a GCC
|    builtin and then its argument prototype would still apply.  */
| #ifdef __cplusplus
| extern "C"
| #endif
| char log ();
| int
| main ()
| {
| return log ();
|   ;
|   return 0;
| }
configure:4146: gcc -o conftest -g -O2   conftest.c -lm   >&5
conftest.c:33:6: warning: conflicting types for built-in function 'log' [enabled by default]
configure:4146: $? = 0
configure:4163: result: -lm
configure:4178: checking for zlib.h
configure:4178: gcc -c -g -O2  conftest.c >&5
configure:4178: $? = 0
configure:4178: result: yes
configure:4187: checking for inflate in -lz
configure:4212: gcc -o conftest -g -O2   conftest.c -lz  -lm  >&5
configure:4212: $? = 0
configure:4221: result: yes
configure:4248: checking for library containing connect
configure:4279: gcc -o conftest -g -O2   conftest.c -lz -lm  >&5
configure:4279: $? = 0
configure:4296: result: none required
configure:4308: checking for bzlib.h
configure:4308: gcc -c -g -O2  conftest.c >&5
configure:4308: $? = 0
configure:4308: result: yes
configure:4317: checking for BZ2_bzBuffToBuffCompress in -lbz2
configure:4342: gcc -o conftest -g -O2   conftest.c -lbz2  -lz -lm  >&5
configure:4342: $? = 0
configure:4351: result: yes
configure:4388: checking for lzma.h
configure:4388: gcc -c -g -O2  conftest.c >&5
configure:4388: $? = 0
configure:4388: result: yes
configure:4397: checking for lzma_easy_buffer_encode in -llzma
configure:4422: gcc -o conftest -g -O2   conftest.c -llzma  -lbz2 -lz -lm  >&5
configure:4422: $? = 0
configure:4431: result: yes
configure:4464: checking for curl_easy_pause in -lcurl
configure:4489: gcc -o conftest -g -O2   conftest.c -lcurl  -llzma -lbz2 -lz -lm  >&5
configure:4489: $? = 0
configure:4498: result: yes
configure:4614: checking for CCHmac
configure:4614: gcc -o conftest -g -O2   conftest.c -llzma -lbz2 -lz -lm  >&5
/tmp/cc1AqEap.o: In function `main':
/nfs/users/nfs_j/js10/tmp/dist/c-maint/samtools-1.4.1/htslib-1.4.1/conftest.c:65: undefined reference to `CCHmac'
collect2: ld returned 1 exit status
configure:4614: $? = 1
configure: failed program was:
| /* confdefs.h */
| #define PACKAGE_NAME "HTSlib"
| #define PACKAGE_TARNAME "htslib"
| #define PACKAGE_VERSION "1.4.1"
| #define PACKAGE_STRING "HTSlib 1.4.1"
| #define PACKAGE_BUGREPORT "samtools-help@lists.sourceforge.net"
| #define PACKAGE_URL "http://www.htslib.org/"
| #define STDC_HEADERS 1
| #define HAVE_SYS_TYPES_H 1
| #define HAVE_SYS_STAT_H 1
| #define HAVE_STDLIB_H 1
| #define HAVE_STRING_H 1
| #define HAVE_MEMORY_H 1
| #define HAVE_STRINGS_H 1
| #define HAVE_INTTYPES_H 1
| #define HAVE_STDINT_H 1
| #define HAVE_UNISTD_H 1
| #define HAVE_STDLIB_H 1
| #define HAVE_UNISTD_H 1
| #define HAVE_SYS_PARAM_H 1
| #define HAVE_GETPAGESIZE 1
| #define HAVE_MMAP 1
| #define HAVE_GMTIME_R 1
| #define HAVE_FDATASYNC 1
| #define HAVE_LIBZ 1
| #define HAVE_LIBBZ2 1
| #define HAVE_LIBLZMA 1
| #define HAVE_LIBCURL 1
| #define ENABLE_GCS 1
| /* end confdefs.h.  */
| /* Define CCHmac to an innocuous variant, in case <limits.h> declares CCHmac.
|    For example, HP-UX 11i <limits.h> declares gettimeofday.  */
| #define CCHmac innocuous_CCHmac
| 
| /* System header to define __stub macros and hopefully few prototypes,
|     which can conflict with char CCHmac (); below.
|     Prefer <limits.h> to <assert.h> if __STDC__ is defined, since
|     <limits.h> exists even on freestanding compilers.  */
| 
| #ifdef __STDC__
| # include <limits.h>
| #else
| # include <assert.h>
| #endif
| 
| #undef CCHmac
| 
| /* Override any GCC internal prototype to avoid an error.
|    Use char because int might match the return type of a GCC
|    builtin and then its argument prototype would still apply.  */
| #ifdef __cplusplus
| extern "C"
| #endif
| char CCHmac ();
| /* The GNU C library defines this for functions which it implements
|     to always fail with ENOSYS.  Some functions are actually named
|     something starting with __ and the normal name is an alias.  */
| #if defined __stub_CCHmac || defined __stub___CCHmac
| choke me
| #endif
| 
| int
| main ()
| {
| return CCHmac ();
|   ;
|   return 0;
| }
configure:4614: result: no
configure:4621: checking for library containing HMAC
configure:4652: gcc -o conftest -g -O2   conftest.c -llzma -lbz2 -lz -lm  >&5
/tmp/ccJWQPIC.o: In function `main':
/nfs/users/nfs_j/js10/tmp/dist/c-maint/samtools-1.4.1/htslib-1.4.1/conftest.c:42: undefined reference to `HMAC'
collect2: ld returned 1 exit status
configure:4652: $? = 1
configure: failed program was:
| /* confdefs.h */
| #define PACKAGE_NAME "HTSlib"
| #define PACKAGE_TARNAME "htslib"
| #define PACKAGE_VERSION "1.4.1"
| #define PACKAGE_STRING "HTSlib 1.4.1"
| #define PACKAGE_BUGREPORT "samtools-help@lists.sourceforge.net"
| #define PACKAGE_URL "http://www.htslib.org/"
| #define STDC_HEADERS 1
| #define HAVE_SYS_TYPES_H 1
| #define HAVE_SYS_STAT_H 1
| #define HAVE_STDLIB_H 1
| #define HAVE_STRING_H 1
| #define HAVE_MEMORY_H 1
| #define HAVE_STRINGS_H 1
| #define HAVE_INTTYPES_H 1
| #define HAVE_STDINT_H 1
| #define HAVE_UNISTD_H 1
| #define HAVE_STDLIB_H 1
| #define HAVE_UNISTD_H 1
| #define HAVE_SYS_PARAM_H 1
| #define HAVE_GETPAGESIZE 1
| #define HAVE_MMAP 1
| #define HAVE_GMTIME_R 1
| #define HAVE_FDATASYNC 1
| #define HAVE_LIBZ 1
| #define HAVE_LIBBZ2 1
| #define HAVE_LIBLZMA 1
| #define HAVE_LIBCURL 1
| #define ENABLE_GCS 1
| /* end confdefs.h.  */
| 
| /* Override any GCC internal prototype to avoid an error.
|    Use char because int might match the return type of a GCC
|    builtin and then its argument prototype would still apply.  */
| #ifdef __cplusplus
| extern "C"
| #endif
| char HMAC ();
| int
| main ()
| {
| return HMAC ();
|   ;
|   return 0;
| }
configure:4652: gcc -o conftest -g -O2   conftest.c -lcrypto  -llzma -lbz2 -lz -lm  >&5
configure:4652: $? = 0
configure:4669: result: -lcrypto
configure:4835: creating ./config.status

## ---------------------- ##
## Running config.status. ##
## ---------------------- ##

This file was extended by HTSlib config.status 1.4.1, which was
generated by GNU Autoconf 2.68.  Invocation command line was

  CONFIG_FILES    = 
  CONFIG_HEADERS  = 
  CONFIG_LINKS    = 
  CONFIG_COMMANDS = 
  $ ./config.status 

on sf2-farm-srv1

config.status:842: creating config.mk
config.status:842: creating htslib.pc.tmp
config.status:842: creating config.h

## ---------------- ##
## Cache variables. ##
## ---------------- ##

ac_cv_c_compiler_gnu=yes
ac_cv_env_CC_set=
ac_cv_env_CC_value=
ac_cv_env_CFLAGS_set=
ac_cv_env_CFLAGS_value=
ac_cv_env_CPPFLAGS_set=
ac_cv_env_CPPFLAGS_value=
ac_cv_env_CPP_set=
ac_cv_env_CPP_value=
ac_cv_env_LDFLAGS_set=
ac_cv_env_LDFLAGS_value=
ac_cv_env_LIBS_set=
ac_cv_env_LIBS_value=
ac_cv_env_PKG_CONFIG_LIBDIR_set=
ac_cv_env_PKG_CONFIG_LIBDIR_value=
ac_cv_env_PKG_CONFIG_PATH_set=
ac_cv_env_PKG_CONFIG_PATH_value=
ac_cv_env_PKG_CONFIG_set=
ac_cv_env_PKG_CONFIG_value=
ac_cv_env_build_alias_set=
ac_cv_env_build_alias_value=
ac_cv_env_host_alias_set=
ac_cv_env_host_alias_value=
ac_cv_env_target_alias_set=
ac_cv_env_target_alias_value=
ac_cv_func_CCHmac=no
ac_cv_func_fdatasync=yes
ac_cv_func_getpagesize=yes
ac_cv_func_gmtime_r=yes
ac_cv_func_mmap_fixed_mapped=yes
ac_cv_have_decl_fdatasync_int_=yes
ac_cv_header_bzlib_h=yes
ac_cv_header_inttypes_h=yes
ac_cv_header_lzma_h=yes
ac_cv_header_memory_h=yes
ac_cv_header_stdc=yes
ac_cv_header_stdint_h=yes
ac_cv_header_stdlib_h=yes
ac_cv_header_string_h=yes
ac_cv_header_strings_h=yes
ac_cv_header_sys_param_h=yes
ac_cv_header_sys_stat_h=yes
ac_cv_header_sys_types_h=yes
ac_cv_header_unistd_h=yes
ac_cv_header_zlib_h=yes
ac_cv_lib_bz2_BZ2_bzBuffToBuffCompress=yes
ac_cv_lib_curl_curl_easy_pause=yes
ac_cv_lib_lzma_lzma_easy_buffer_encode=yes
ac_cv_lib_z_inflate=yes
ac_cv_objext=o
ac_cv_path_EGREP='/bin/grep -E'
ac_cv_path_GREP=/bin/grep
ac_cv_path_ac_pt_PKG_CONFIG=/usr/bin/pkg-config
ac_cv_prog_CPP='gcc -E'
ac_cv_prog_ac_ct_CC=gcc
ac_cv_prog_ac_ct_RANLIB=ranlib
ac_cv_prog_cc_c89=
ac_cv_prog_cc_g=yes
ac_cv_search_HMAC=-lcrypto
ac_cv_search_connect='none required'
ac_cv_search_log=-lm
ac_cv_sys_file_offset_bits=no
ac_cv_sys_largefile_CC=no

## ----------------- ##
## Output variables. ##
## ----------------- ##

CC='gcc'
CFLAGS='-g -O2'
CPP='gcc -E'
CPPFLAGS=''
CRYPTO_LIBS='-lcrypto'
DEFS='-DHAVE_CONFIG_H'
ECHO_C=''
ECHO_N='-n'
ECHO_T=''
EGREP='/bin/grep -E'
EXEEXT=''
GREP='/bin/grep'
LDFLAGS=''
LIBOBJS=''
LIBS='-llzma -lbz2 -lz -lm '
LTLIBOBJS=''
OBJEXT='o'
PACKAGE_BUGREPORT='samtools-help@lists.sourceforge.net'
PACKAGE_NAME='HTSlib'
PACKAGE_STRING='HTSlib 1.4.1'
PACKAGE_TARNAME='htslib'
PACKAGE_URL='http://www.htslib.org/'
PACKAGE_VERSION='1.4.1'
PATH_SEPARATOR=':'
PKG_CONFIG='/usr/bin/pkg-config'
PKG_CONFIG_LIBDIR=''
PKG_CONFIG_PATH=''
PLATFORM='default'
PLUGIN_EXT='.so'
RANLIB='ranlib'
SHELL='/bin/sh'
ac_ct_CC='gcc'
bindir='${exec_prefix}/bin'
build_alias=''
datadir='${datarootdir}'
datarootdir='${prefix}/share'
docdir='${datarootdir}/doc/${PACKAGE_TARNAME}'
dvidir='${docdir}'
enable_plugins='no'
exec_prefix='${prefix}'
gcs='enabled'
host_alias='unknown-Linux'
htmldir='${docdir}'
includedir='${prefix}/include'
infodir='${datarootdir}/info'
libcurl='enabled'
libdir='${exec_prefix}/lib'
libexecdir='${exec_prefix}/libexec'
localedir='${datarootdir}/locale'
localstatedir='${prefix}/var'
mandir='${datarootdir}/man'
oldincludedir='/usr/include'
pc_requires=' liblzma'
pdfdir='${docdir}'
plugindir='$(libexecdir)/htslib'
pluginpath='$(libexecdir)/htslib'
prefix='/usr/local'
private_LIBS=' -lbz2'
program_transform_name='s,x,x,'
psdir='${docdir}'
s3='enabled'
sbindir='${exec_prefix}/sbin'
sharedstatedir='${prefix}/com'
static_LDFLAGS=''
static_LIBS='-lz -lm -lbz2 -llzma -lcurl -lcrypto'
sysconfdir='${prefix}/etc'
target_alias=''

## ----------- ##
## confdefs.h. ##
## ----------- ##

/* confdefs.h */
#define PACKAGE_NAME "HTSlib"
#define PACKAGE_TARNAME "htslib"
#define PACKAGE_VERSION "1.4.1"
#define PACKAGE_STRING "HTSlib 1.4.1"
#define PACKAGE_BUGREPORT "samtools-help@lists.sourceforge.net"
#define PACKAGE_URL "http://www.htslib.org/"
#define STDC_HEADERS 1
#define HAVE_SYS_TYPES_H 1
#define HAVE_SYS_STAT_H 1
#define HAVE_STDLIB_H 1
#define HAVE_STRING_H 1
#define HAVE_MEMORY_H 1
#define HAVE_STRINGS_H 1
#define HAVE_INTTYPES_H 1
#define HAVE_STDINT_H 1
#define HAVE_UNISTD_H 1
#define HAVE_STDLIB_H 1
#define HAVE_UNISTD_H 1
#define HAVE_SYS_PARAM_H 1
#define HAVE_GETPAGESIZE 1
#define HAVE_MMAP 1
#define HAVE_GMTIME_R 1
#define HAVE_FDATASYNC 1
#define HAVE_LIBZ 1
#define HAVE_LIBBZ2 1
#define HAVE_LIBLZMA 1
#define HAVE_LIBCURL 1
#define ENABLE_GCS 1
#define HAVE_HMAC 1
#define ENABLE_S3 1

configure: exit 0
